Build started 21/01/2016 1:11:26 PM.
     1>Project "E:\My Documents\Visual Studio 2013\Projects\ZopperScanAPI\ZopperScanAPI\ZopperScanAPI.vcxproj" on node 2 (Build target(s)).
     1>ClCompile:
         C:\Program Files (x86)\Microsoft Visual Studio 12.0\VC\bin\CL.exe /c /ZI /nologo /W3 /WX- /sdl /Od /Oy- /D WIN32 /D _DEBUG /D _CONSOLE /D _LIB /D _UNICODE /D UNICODE /Gm /EHsc /RTC1 /MDd /GS /fp:precise /Zc:wchar_t /Zc:forScope /Fo"Debug\\" /Fd"Debug\vc120.pdb" /Gd /TP /analyze- /errorReport:prompt AnalyzeImage.cpp Main.cpp ReadDot.cpp ScanImage.cpp
         ScanImage.cpp
     1>e:\my documents\visual studio 2013\projects\zopperscanapi\zopperscanapi\scanimage.cpp(18): error C2664: 'FILE *fopen(const char *,const char *)' : cannot convert argument 1 from 'std::string' to 'const char *'
                 No user-defined-conversion operator available that can perform this conversion, or the operator cannot be called
     1>e:\my documents\visual studio 2013\projects\zopperscanapi\zopperscanapi\scanimage.cpp(82): error C2039: 'rawData' : is not a member of 'ScanImage'
                 e:\my documents\visual studio 2013\projects\zopperscanapi\zopperscanapi\scanimage.h(10) : see declaration of 'ScanImage'
     1>e:\my documents\visual studio 2013\projects\zopperscanapi\zopperscanapi\scanimage.cpp(84): error C2065: 'pixels' : undeclared identifier
     1>e:\my documents\visual studio 2013\projects\zopperscanapi\zopperscanapi\scanimage.cpp(90): error C2063: 'ScanImage::grayScale' : not a function
     1>e:\my documents\visual studio 2013\projects\zopperscanapi\zopperscanapi\scanimage.cpp(90): fatal error C1903: unable to recover from previous error(s); stopping compilation
         AnalyzeImage.cpp
         Generating Code...
         Compiling...
         Main.cpp
         Generating Code...
         Skipping... (no relevant changes detected)
         ReadDot.cpp
     1>Done Building Project "E:\My Documents\Visual Studio 2013\Projects\ZopperScanAPI\ZopperScanAPI\ZopperScanAPI.vcxproj" (Build target(s)) -- FAILED.

Build FAILED.

Time Elapsed 00:00:00.67
